<?xml version="1.0" encoding="UTF-8"?>
<!-- Generated by org.testng.reporters.JUnitReportReporter -->
<testsuite hostname="del1-lhp-n82018" failures="0" tests="2" name="Utilities.Sugar$Test1" time="6.027" errors="0" timestamp="2022-07-20T16:59:09 IST" skipped="0">
  <testcase classname="Utilities.Sugar$Test1" name="u1" time="3.122"/>
  <system-out/>
  <testcase classname="Utilities.Sugar$Test1" name="u1" time="2.905"/>
  <system-out/>
</testsuite> <!-- Utilities.Sugar$Test1 -->
