<?xml version="1.0" encoding="UTF-8"?>
<!-- Generated by org.testng.reporters.JUnitReportReporter -->
<testsuite hostname="del1-lhp-n82018" failures="0" tests="1" name="Utilities.Exceluse" time="0.007" errors="0" timestamp="2022-07-19T16:11:35 IST" skipped="0">
  <testcase classname="Utilities.Exceluse" name="set" time="0.007"/>
  <system-out/>
</testsuite> <!-- Utilities.Exceluse -->
